<?xml version="1.0" encoding="UTF-8"?>
<!-- Generated by org.testng.reporters.JUnitXMLReporter -->
<testsuite ignored="0" hostname="Tracys-MBP.lan" failures="0" tests="3" name="Default test" time="114.875" errors="0" timestamp="2022-08-21T16:52:03 SAST">
  <testcase classname="assessment.option_2" name="buyItems" time="0.464"/>
  <testcase classname="assessment.option_2" name="checkout" time="1.551"/>
  <testcase classname="assessment.option_2" name="checkoutOverview" time="1.058"/>
</testsuite> <!-- Default test -->
