<?xml version="1.0" encoding="UTF-8"?>
<!-- Generated by org.testng.reporters.JUnitXMLReporter -->
<testsuite ignored="0" hostname="Tracys-MBP.lan" failures="0" tests="4" name="Default test" time="16.71" errors="0" timestamp="2022-08-16T10:47:30 SAST">
  <testcase classname="assessment.option_2" name="buyItems" time="0.484"/>
  <testcase classname="assessment.option_2" name="checkout" time="0.805"/>
  <testcase classname="assessment.option_2" name="checkoutOverview" time="0.892"/>
  <testcase classname="assessment.option_2" name="orderComplete" time="0.869"/>
</testsuite> <!-- Default test -->
