<?xml version="1.0" encoding="UTF-8"?>
<testng-results ignored="0" total="3" passed="3" failed="0" skipped="0">
  <reporter-output>
  </reporter-output>
  <suite started-at="2022-08-21T16:50:08 SAST" name="Default suite" finished-at="2022-08-21T16:52:03 SAST" duration-ms="114875">
    <groups>
    </groups>
    <test started-at="2022-08-21T16:50:08 SAST" name="Default test" finished-at="2022-08-21T16:52:03 SAST" duration-ms="114875">
      <class name="assessment.option_2">
        <test-method is-config="true" signature="setUp()[pri:0, instance:assessment.option_2@543588e6]" started-at="2022-08-21T16:50:08 SAST" name="setUp" finished-at="2022-08-21T16:50:33 SAST" duration-ms="25410" status="PASS">
          <reporter-output>
          </reporter-output>
        </test-method> <!-- setUp -->
        <test-method signature="buyItems()[pri:1, instance:assessment.option_2@543588e6]" started-at="2022-08-21T16:50:33 SAST" name="buyItems" finished-at="2022-08-21T16:50:34 SAST" duration-ms="464" status="PASS">
          <reporter-output>
          </reporter-output>
        </test-method> <!-- buyItems -->
        <test-method is-config="true" signature="tearDown()[pri:0, instance:assessment.option_2@543588e6]" started-at="2022-08-21T16:50:34 SAST" name="tearDown" finished-at="2022-08-21T16:50:34 SAST" duration-ms="262" status="PASS">
          <reporter-output>
          </reporter-output>
        </test-method> <!-- tearDown -->
        <test-method is-config="true" signature="setUp()[pri:0, instance:assessment.option_2@543588e6]" started-at="2022-08-21T16:50:34 SAST" name="setUp" finished-at="2022-08-21T16:51:15 SAST" duration-ms="40766" status="PASS">
          <reporter-output>
          </reporter-output>
        </test-method> <!-- setUp -->
        <test-method signature="checkout()[pri:2, instance:assessment.option_2@543588e6]" started-at="2022-08-21T16:51:15 SAST" name="checkout" finished-at="2022-08-21T16:51:16 SAST" depends-on-methods="assessment.option_2.buyItems" duration-ms="1551" status="PASS">
          <reporter-output>
          </reporter-output>
        </test-method> <!-- checkout -->
        <test-method is-config="true" signature="tearDown()[pri:0, instance:assessment.option_2@543588e6]" started-at="2022-08-21T16:51:16 SAST" name="tearDown" finished-at="2022-08-21T16:51:17 SAST" duration-ms="510" status="PASS">
          <reporter-output>
          </reporter-output>
        </test-method> <!-- tearDown -->
        <test-method is-config="true" signature="setUp()[pri:0, instance:assessment.option_2@543588e6]" started-at="2022-08-21T16:51:17 SAST" name="setUp" finished-at="2022-08-21T16:52:01 SAST" duration-ms="44342" status="PASS">
          <reporter-output>
          </reporter-output>
        </test-method> <!-- setUp -->
        <test-method signature="checkoutOverview()[pri:3, instance:assessment.option_2@543588e6]" started-at="2022-08-21T16:52:01 SAST" name="checkoutOverview" finished-at="2022-08-21T16:52:02 SAST" depends-on-methods="assessment.option_2.checkout" duration-ms="1058" status="PASS">
          <reporter-output>
          </reporter-output>
        </test-method> <!-- checkoutOverview -->
        <test-method is-config="true" signature="tearDown()[pri:0, instance:assessment.option_2@543588e6]" started-at="2022-08-21T16:52:02 SAST" name="tearDown" finished-at="2022-08-21T16:52:03 SAST" duration-ms="458" status="PASS">
          <reporter-output>
          </reporter-output>
        </test-method> <!-- tearDown -->
      </class> <!-- assessment.option_2 -->
    </test> <!-- Default test -->
  </suite> <!-- Default suite -->
</testng-results>
