<?xml version="1.0" encoding="UTF-8"?>
<testng-results ignored="0" total="4" passed="4" failed="0" skipped="0">
  <reporter-output>
  </reporter-output>
  <suite started-at="2022-08-16T10:47:13 SAST" name="Default suite" finished-at="2022-08-16T10:47:30 SAST" duration-ms="16710">
    <groups>
    </groups>
    <test started-at="2022-08-16T10:47:13 SAST" name="Default test" finished-at="2022-08-16T10:47:30 SAST" duration-ms="16710">
      <class name="assessment.option_2">
        <test-method is-config="true" signature="setUp()[pri:0, instance:assessment.option_2@543588e6]" started-at="2022-08-16T10:47:13 SAST" name="setUp" finished-at="2022-08-16T10:47:17 SAST" duration-ms="4261" status="PASS">
          <reporter-output>
          </reporter-output>
        </test-method> <!-- setUp -->
        <test-method signature="buyItems()[pri:1, instance:assessment.option_2@543588e6]" started-at="2022-08-16T10:47:17 SAST" name="buyItems" finished-at="2022-08-16T10:47:18 SAST" duration-ms="484" status="PASS">
          <reporter-output>
          </reporter-output>
        </test-method> <!-- buyItems -->
        <test-method is-config="true" signature="tearDown()[pri:0, instance:assessment.option_2@543588e6]" started-at="2022-08-16T10:47:18 SAST" name="tearDown" finished-at="2022-08-16T10:47:18 SAST" duration-ms="153" status="PASS">
          <reporter-output>
          </reporter-output>
        </test-method> <!-- tearDown -->
        <test-method is-config="true" signature="setUp()[pri:0, instance:assessment.option_2@543588e6]" started-at="2022-08-16T10:47:18 SAST" name="setUp" finished-at="2022-08-16T10:47:21 SAST" duration-ms="2961" status="PASS">
          <reporter-output>
          </reporter-output>
        </test-method> <!-- setUp -->
        <test-method signature="checkout()[pri:0, instance:assessment.option_2@543588e6]" started-at="2022-08-16T10:47:21 SAST" name="checkout" finished-at="2022-08-16T10:47:22 SAST" depends-on-methods="assessment.option_2.buyItems" duration-ms="805" status="PASS">
          <reporter-output>
          </reporter-output>
        </test-method> <!-- checkout -->
        <test-method is-config="true" signature="tearDown()[pri:0, instance:assessment.option_2@543588e6]" started-at="2022-08-16T10:47:22 SAST" name="tearDown" finished-at="2022-08-16T10:47:22 SAST" duration-ms="107" status="PASS">
          <reporter-output>
          </reporter-output>
        </test-method> <!-- tearDown -->
        <test-method is-config="true" signature="setUp()[pri:0, instance:assessment.option_2@543588e6]" started-at="2022-08-16T10:47:22 SAST" name="setUp" finished-at="2022-08-16T10:47:25 SAST" duration-ms="2954" status="PASS">
          <reporter-output>
          </reporter-output>
        </test-method> <!-- setUp -->
        <test-method signature="checkoutOverview()[pri:0, instance:assessment.option_2@543588e6]" started-at="2022-08-16T10:47:25 SAST" name="checkoutOverview" finished-at="2022-08-16T10:47:26 SAST" depends-on-methods="assessment.option_2.checkout" duration-ms="892" status="PASS">
          <reporter-output>
          </reporter-output>
        </test-method> <!-- checkoutOverview -->
        <test-method is-config="true" signature="tearDown()[pri:0, instance:assessment.option_2@543588e6]" started-at="2022-08-16T10:47:26 SAST" name="tearDown" finished-at="2022-08-16T10:47:26 SAST" duration-ms="109" status="PASS">
          <reporter-output>
          </reporter-output>
        </test-method> <!-- tearDown -->
        <test-method is-config="true" signature="setUp()[pri:0, instance:assessment.option_2@543588e6]" started-at="2022-08-16T10:47:26 SAST" name="setUp" finished-at="2022-08-16T10:47:29 SAST" duration-ms="2946" status="PASS">
          <reporter-output>
          </reporter-output>
        </test-method> <!-- setUp -->
        <test-method signature="orderComplete()[pri:3, instance:assessment.option_2@543588e6]" started-at="2022-08-16T10:47:29 SAST" name="orderComplete" finished-at="2022-08-16T10:47:30 SAST" duration-ms="869" status="PASS">
          <reporter-output>
          </reporter-output>
        </test-method> <!-- orderComplete -->
        <test-method is-config="true" signature="tearDown()[pri:0, instance:assessment.option_2@543588e6]" started-at="2022-08-16T10:47:30 SAST" name="tearDown" finished-at="2022-08-16T10:47:30 SAST" duration-ms="110" status="PASS">
          <reporter-output>
          </reporter-output>
        </test-method> <!-- tearDown -->
      </class> <!-- assessment.option_2 -->
    </test> <!-- Default test -->
  </suite> <!-- Default suite -->
</testng-results>
